# JRE version: Java(TM) SE Runtime Environment (21.0.9+7) (build 21.0.9+7-LTS-338)
# Java VM: Java HotSpot(TM) 64-Bit Server VM (21.0.9+7-LTS-338, mixed mode, sharing, tiered, compressed oops, compressed class ptrs, g1 gc, windows-amd64)
GC Precious Log:
 CardTable entry size: 512
 Card Set container configuration: InlinePtr #cards 5 size 8 Array Of Cards #cards 12 size 40 Howl #buckets 4 coarsen threshold 1843 Howl Bitmap #cards 512 size 80 coarsen threshold 460 Card regions per heap region 1 cards per card region 2048
 CPUs: 22 total, 22 available
 Memory: 15962M
 Large Page Support: Disabled
 NUMA Support: Disabled
 Compressed Oops: Enabled (32-bit)
 Heap Region Size: 1M
 Heap Min Capacity: 256M
 Heap Initial Capacity: 256M
 Heap Max Capacity: 512M
 Pre-touch: Disabled
 Parallel Workers: 16
 Concurrent Workers: 4
 Concurrent Refinement Workers: 16
 Periodic GC: Disabled
Heap:
 garbage-first heap   total 262144K, used 121493K [0x00000000e0000000, 0x0000000100000000)
  region size 1024K, 25 young (25600K), 11 survivors (11264K)
 Metaspace       used 72494K, committed 74752K, reserved 393216K
  class space    used 10381K, committed 11520K, reserved 327680K
GC Heap History (20 events):
Event: 28.650 GC heap before
{Heap before GC invocations=8 (full 0):
 garbage-first heap   total 262144K, used 170861K [0x00000000e0000000, 0x0000000100000000)
  region size 1024K, 144 young (147456K), 6 survivors (6144K)
 Metaspace       used 52344K, committed 54208K, reserved 393216K
  class space    used 7334K, committed 8256K, reserved 327680K
}
Event: 28.669 GC heap after
{Heap after GC invocations=9 (full 0):
 garbage-first heap   total 262144K, used 38131K [0x00000000e0000000, 0x0000000100000000)
  region size 1024K, 14 young (14336K), 14 survivors (14336K)
 Metaspace       used 52344K, committed 54208K, reserved 393216K
  class space    used 7334K, committed 8256K, reserved 327680K
}
Event: 34.260 GC heap before
{Heap before GC invocations=9 (full 0):
 garbage-first heap   total 262144K, used 106739K [0x00000000e0000000, 0x0000000100000000)
  region size 1024K, 81 young (82944K), 14 survivors (14336K)
 Metaspace       used 59685K, committed 61696K, reserved 393216K
  class space    used 8499K, committed 9536K, reserved 327680K
}
Event: 34.283 GC heap after
{Heap after GC invocations=10 (full 0):
 garbage-first heap   total 262144K, used 42208K [0x00000000e0000000, 0x0000000100000000)
  region size 1024K, 12 young (12288K), 12 survivors (12288K)
 Metaspace       used 59685K, committed 61696K, reserved 393216K
  class space    used 8499K, committed 9536K, reserved 327680K
}
Event: 34.422 GC heap before
{Heap before GC invocations=10 (full 0):
 garbage-first heap   total 262144K, used 44256K [0x00000000e0000000, 0x0000000100000000)
  region size 1024K, 15 young (15360K), 12 survivors (12288K)
 Metaspace       used 59929K, committed 62016K, reserved 393216K
  class space    used 8551K, committed 9664K, reserved 327680K
}
Event: 34.438 GC heap after
{Heap after GC invocations=11 (full 0):
 garbage-first heap   total 262144K, used 42973K [0x00000000e0000000, 0x0000000100000000)
  region size 1024K, 5 young (5120K), 5 survivors (5120K)
 Metaspace       used 59929K, committed 62016K, reserved 393216K
  class space    used 8551K, committed 9664K, reserved 327680K
}
Event: 54.721 GC heap before
{Heap before GC invocations=12 (full 0):
 garbage-first heap   total 262144K, used 195549K [0x00000000e0000000, 0x0000000100000000)
  region size 1024K, 153 young (156672K), 5 survivors (5120K)
 Metaspace       used 70248K, committed 72576K, reserved 393216K
  class space    used 9995K, committed 11136K, reserved 327680K
}
Event: 54.733 GC heap after
{Heap after GC invocations=13 (full 0):
 garbage-first heap   total 262144K, used 53208K [0x00000000e0000000, 0x0000000100000000)
  region size 1024K, 14 young (14336K), 14 survivors (14336K)
 Metaspace       used 70248K, committed 72576K, reserved 393216K
  class space    used 9995K, committed 11136K, reserved 327680K
}
Event: 57.972 GC heap before
{Heap before GC invocations=13 (full 0):
 garbage-first heap   total 262144K, used 201688K [0x00000000e0000000, 0x0000000100000000)
  region size 1024K, 153 young (156672K), 14 survivors (14336K)
 Metaspace       used 71547K, committed 73856K, reserved 393216K
  class space    used 10240K, committed 11392K, reserved 327680K
}
Event: 57.994 GC heap after
{Heap after GC invocations=14 (full 0):
 garbage-first heap   total 262144K, used 67981K [0x00000000e0000000, 0x0000000100000000)
  region size 1024K, 20 young (20480K), 20 survivors (20480K)
 Metaspace       used 71547K, committed 73856K, reserved 393216K
  class space    used 10240K, committed 11392K, reserved 327680K
}
Event: 60.817 GC heap before
{Heap before GC invocations=14 (full 0):
 garbage-first heap   total 262144K, used 204173K [0x00000000e0000000, 0x0000000100000000)
  region size 1024K, 153 young (156672K), 20 survivors (20480K)
 Metaspace       used 71550K, committed 73856K, reserved 393216K
  class space    used 10240K, committed 11392K, reserved 327680K
}
Event: 60.827 GC heap after
{Heap after GC invocations=15 (full 0):
 garbage-first heap   total 262144K, used 77644K [0x00000000e0000000, 0x0000000100000000)
  region size 1024K, 10 young (10240K), 10 survivors (10240K)
 Metaspace       used 71550K, committed 73856K, reserved 393216K
  class space    used 10240K, committed 11392K, reserved 327680K
}
Event: 65.556 GC heap before
{Heap before GC invocations=15 (full 0):
 garbage-first heap   total 262144K, used 224076K [0x00000000e0000000, 0x0000000100000000)
  region size 1024K, 153 young (156672K), 10 survivors (10240K)
 Metaspace       used 71553K, committed 73856K, reserved 393216K
  class space    used 10240K, committed 11392K, reserved 327680K
}
Event: 65.571 GC heap after
{Heap after GC invocations=16 (full 0):
 garbage-first heap   total 262144K, used 79967K [0x00000000e0000000, 0x0000000100000000)
  region size 1024K, 12 young (12288K), 12 survivors (12288K)
 Metaspace       used 71553K, committed 73856K, reserved 393216K
  class space    used 10240K, committed 11392K, reserved 327680K
}
Event: 75.667 GC heap before
{Heap before GC invocations=17 (full 0):
 garbage-first heap   total 262144K, used 230495K [0x00000000e0000000, 0x0000000100000000)
  region size 1024K, 153 young (156672K), 12 survivors (12288K)
 Metaspace       used 71706K, committed 73984K, reserved 393216K
  class space    used 10259K, committed 11392K, reserved 327680K
}
Event: 75.694 GC heap after
{Heap after GC invocations=18 (full 0):
 garbage-first heap   total 262144K, used 87403K [0x00000000e0000000, 0x0000000100000000)
  region size 1024K, 14 young (14336K), 14 survivors (14336K)
 Metaspace       used 71706K, committed 73984K, reserved 393216K
  class space    used 10259K, committed 11392K, reserved 327680K
}
Event: 102.031 GC heap before
{Heap before GC invocations=18 (full 0):
 garbage-first heap   total 262144K, used 229739K [0x00000000e0000000, 0x0000000100000000)
  region size 1024K, 153 young (156672K), 14 survivors (14336K)
 Metaspace       used 72341K, committed 74624K, reserved 393216K
  class space    used 10354K, committed 11520K, reserved 327680K
}
Event: 102.093 GC heap after
{Heap after GC invocations=19 (full 0):
 garbage-first heap   total 262144K, used 99612K [0x00000000e0000000, 0x0000000100000000)
  region size 1024K, 20 young (20480K), 20 survivors (20480K)
 Metaspace       used 72341K, committed 74624K, reserved 393216K
  class space    used 10354K, committed 11520K, reserved 327680K
}
Event: 109.995 GC heap before
{Heap before GC invocations=19 (full 0):
 garbage-first heap   total 262144K, used 226588K [0x00000000e0000000, 0x0000000100000000)
  region size 1024K, 144 young (147456K), 20 survivors (20480K)
 Metaspace       used 72382K, committed 74688K, reserved 393216K
  class space    used 10360K, committed 11520K, reserved 327680K
}
Event: 110.051 GC heap after
{Heap after GC invocations=20 (full 0):
 garbage-first heap   total 262144K, used 108181K [0x00000000e0000000, 0x0000000100000000)
  region size 1024K, 11 young (11264K), 11 survivors (11264K)
 Metaspace       used 72382K, committed 74688K, reserved 393216K
  class space    used 10360K, committed 11520K, reserved 327680K
}

